<?xml version="1.0" encoding="UTF-8"?>
<!-- Generated by org.testng.reporters.JUnitXMLReporter -->
<testsuite ignored="0" hostname="DESKTOP-TDARQNU" failures="0" tests="11" name="Default test" time="0.05" errors="0" timestamp="2020-09-02T15:24:56 BRT">
  <testcase classname="com.jsnakamura.dataAnalysis.service.ElevadorServiceTest" name="andarMenosUtilizadoTest" time="0.007"/>
  <testcase classname="com.jsnakamura.dataAnalysis.service.ElevadorServiceTest" name="elevadorMaisFrequentadoTest" time="0.003"/>
  <testcase classname="com.jsnakamura.dataAnalysis.service.ElevadorServiceTest" name="elevadorMenosFrequentadoTest" time="0.0"/>
  <testcase classname="com.jsnakamura.dataAnalysis.service.ElevadorServiceTest" name="percentualDeUsoElevadorATest" time="0.001"/>
  <testcase classname="com.jsnakamura.dataAnalysis.service.ElevadorServiceTest" name="percentualDeUsoElevadorBTest" time="0.001"/>
  <testcase classname="com.jsnakamura.dataAnalysis.service.ElevadorServiceTest" name="percentualDeUsoElevadorCTest" time="0.001"/>
  <testcase classname="com.jsnakamura.dataAnalysis.service.ElevadorServiceTest" name="percentualDeUsoElevadorDTest" time="0.001"/>
  <testcase classname="com.jsnakamura.dataAnalysis.service.ElevadorServiceTest" name="percentualDeUsoElevadorETest" time="0.0"/>
  <testcase classname="com.jsnakamura.dataAnalysis.service.ElevadorServiceTest" name="periodoMaiorFluxoElevadorMaisFrequentadoTest" time="0.001"/>
  <testcase classname="com.jsnakamura.dataAnalysis.service.ElevadorServiceTest" name="periodoMaiorUtilizacaoConjuntoElevadoresTest" time="0.002"/>
  <testcase classname="com.jsnakamura.dataAnalysis.service.ElevadorServiceTest" name="periodoMenorFluxoElevadorMenosFrequentadoTest" time="0.001"/>
</testsuite> <!-- Default test -->
