<?xml version="1.0" encoding="UTF-8"?>
<!-- Generated by org.testng.reporters.JUnitXMLReporter -->
<testsuite ignored="0" hostname="DESKTOP-TDARQNU" failures="0" tests="11" name="Default test" time="0.065" errors="0" timestamp="2020-09-02T22:07:52 BRT">
  <testcase classname="com.jsnakamura.dataAnalysis.service.ElevadorServiceTest" name="assert_Andar_Menos_utilizado_Expected_Behavior" time="0.007"/>
  <testcase classname="com.jsnakamura.dataAnalysis.service.ElevadorServiceTest" name="assert_Elevador_Mais_Frequentado_Expected_Behavior" time="0.001"/>
  <testcase classname="com.jsnakamura.dataAnalysis.service.ElevadorServiceTest" name="assert_Elevador_Menor_Frequentado_Expected_Behavior" time="0.001"/>
  <testcase classname="com.jsnakamura.dataAnalysis.service.ElevadorServiceTest" name="assert_Percentual_De_Uso_Elevador_B_Expected_Behavior" time="0.004"/>
  <testcase classname="com.jsnakamura.dataAnalysis.service.ElevadorServiceTest" name="assert_Percentual_De_Uso_Elevador_C_Expected_Behavior" time="0.001"/>
  <testcase classname="com.jsnakamura.dataAnalysis.service.ElevadorServiceTest" name="assert_Percentual_De_Uso_Elevador_D_Expected_Behavior" time="0.001"/>
  <testcase classname="com.jsnakamura.dataAnalysis.service.ElevadorServiceTest" name="assert_Percentual_De_Uso_Elevador_E_Expected_Behavior" time="0.001"/>
  <testcase classname="com.jsnakamura.dataAnalysis.service.ElevadorServiceTest" name="assert_Percentual_De_Uso_elevador_A_Expected_Behavior" time="0.001"/>
  <testcase classname="com.jsnakamura.dataAnalysis.service.ElevadorServiceTest" name="assert_Periodo_Maior_Fluxo_Elevador_Mais_Frequentado_Expected_Behavior" time="0.001"/>
  <testcase classname="com.jsnakamura.dataAnalysis.service.ElevadorServiceTest" name="assert_Periodo_Maior_Utilizacao_Conjunto_Elevadores_Expected_Behavior" time="0.002"/>
  <testcase classname="com.jsnakamura.dataAnalysis.service.ElevadorServiceTest" name="assert_Periodo_Menor_Fluxo_Elevador_Menos_Frequentado_Expected_Behavior" time="0.001"/>
</testsuite> <!-- Default test -->
