<?xml version="1.0" encoding="UTF-8"?>
<!-- Generated by org.testng.reporters.JUnitXMLReporter -->
<testsuite ignored="0" hostname="DESKTOP-TDARQNU" failures="1" tests="11" name="ElevadorServiceTest" time="0.069" errors="0" timestamp="2020-09-01T23:15:37 BRT">
  <testcase classname="com.jsnakamura.dataAnalysis.service.ElevadorServiceTest" name="andarMenosUtilizadoTest" time="0.025">
    <failure type="java.lang.IndexOutOfBoundsException" message="Index 0 out of bounds for length 0">
      <![CDATA[java.lang.IndexOutOfBoundsException: Index 0 out of bounds for length 0
at java.base/jdk.internal.util.Preconditions.outOfBounds(Preconditions.java:64)
at java.base/jdk.internal.util.Preconditions.outOfBoundsCheckIndex(Preconditions.java:70)
at java.base/jdk.internal.util.Preconditions.checkIndex(Preconditions.java:248)
at java.base/java.util.Objects.checkIndex(Objects.java:372)
at java.base/java.util.ArrayList.get(ArrayList.java:458)
at com.jsnakamura.dataAnalysis.service.ElevadorService.andarMenosUtilizado(ElevadorService.java:30)
at com.jsnakamura.dataAnalysis.service.ElevadorServiceTest.andarMenosUtilizadoTest(ElevadorServiceTest.java:37)
at java.base/java.util.ArrayList.forEach(ArrayList.java:1540)
... Removed 27 stack frames]]>
    </failure>
  </testcase> <!-- andarMenosUtilizadoTest -->
  <testcase classname="com.jsnakamura.dataAnalysis.service.ElevadorServiceTest" name="elevadorMaisFrequentadoTest" time="0.001"/>
  <testcase classname="com.jsnakamura.dataAnalysis.service.ElevadorServiceTest" name="elevadorMenosFrequentadoTest" time="0.0"/>
  <testcase classname="com.jsnakamura.dataAnalysis.service.ElevadorServiceTest" name="percentualDeUsoElevadorATest" time="0.0"/>
  <testcase classname="com.jsnakamura.dataAnalysis.service.ElevadorServiceTest" name="percentualDeUsoElevadorBTest" time="0.0"/>
  <testcase classname="com.jsnakamura.dataAnalysis.service.ElevadorServiceTest" name="percentualDeUsoElevadorCTest" time="0.001"/>
  <testcase classname="com.jsnakamura.dataAnalysis.service.ElevadorServiceTest" name="percentualDeUsoElevadorDTest" time="0.001"/>
  <testcase classname="com.jsnakamura.dataAnalysis.service.ElevadorServiceTest" name="percentualDeUsoElevadorETest" time="0.001"/>
  <testcase classname="com.jsnakamura.dataAnalysis.service.ElevadorServiceTest" name="periodoMaiorFluxoElevadorMaisFrequentadoTest" time="0.001"/>
  <testcase classname="com.jsnakamura.dataAnalysis.service.ElevadorServiceTest" name="periodoMaiorUtilizacaoConjuntoElevadoresTest" time="0.001"/>
  <testcase classname="com.jsnakamura.dataAnalysis.service.ElevadorServiceTest" name="periodoMenorFluxoElevadorMenosFrequentadoTest" time="0.001"/>
</testsuite> <!-- ElevadorServiceTest -->
